2021/10/07 13:41:17 [1080x1501+0+509] kyouka_01
2021/10/07 13:41:40 [1080x1501+0+509] kyouka_01
2021/10/07 13:42:39 [1080x1501+0+509] kyouka_01
2021/10/07 13:43:04 [1080x1501+0+509] kyouka_01
2021/10/07 13:43:41 [1080x1501+0+509] kyouka_01
2021/10/07 13:46:01 [1080x1501+0+509] kyouka_01
2021/10/07 13:46:40 [1080x1501+0+509] kyouka_01
2021/10/07 13:47:11 [1080x1501+0+509] kyouka_01
2021/10/07 13:48:25 [1080x1501+0+509] kyouka_01
2021/10/07 13:48:30 [1080x1501+0+509] kyouka_02
2021/10/07 13:48:34 [1080x1501+0+509] kyouka_03
2021/10/07 13:50:52 [1080x1503+0+509] kyouka_04
2021/10/07 13:50:58 [1080x1503+0+509] kyouka_05
2021/10/07 13:51:04 [1080x1503+0+509] kyouka_06
2021/10/07 13:51:10 [1080x1503+0+509] kyouka_07
2021/10/07 13:53:15 [1080x1501+0+509] kyouka_08
2021/10/07 13:53:22 [1080x1501+0+509] kyouka_09
2021/10/07 13:53:28 [1080x1501+0+509] kyouka_10
2021/10/07 13:53:32 [1080x1501+0+509] kyouka_11
2021/10/07 13:53:37 [1080x1501+0+509] kyouka_12
2021/10/07 13:55:07 [1080x1503+0+509] kyouka_13
2021/10/07 13:55:13 [1080x1503+0+509] kyouka_14
2021/10/07 13:56:22 [1080x1501+0+509] kyouka_15
2021/10/07 13:56:27 [1080x1501+0+509] kyouka_16
2021/10/07 13:58:09 [1080x1503+0+509] kyouka_17
2021/10/07 13:58:14 [1080x1503+0+509] kyouka_18
2021/10/07 14:00:01 [1080x1500+0+510] kyouka_19
2021/10/07 14:00:07 [1080x1500+0+510] kyouka_20
2021/10/07 14:01:39 [1080x1494+0+513] kyouka_21
2021/10/07 14:01:43 [1080x1494+0+513] kyouka_22
2021/10/07 14:01:48 [1080x1494+0+513] kyouka_23
2021/10/07 14:02:30 [1080x1495+0+513] kyouka_24
2021/10/08 09:52:20 [1080x1503+0+509] mikoto2_01
2021/10/08 09:52:29 [1080x1503+0+509] mikoto2_02
2021/10/08 09:52:39 [1080x1503+0+509] mikoto2_03
2021/10/08 09:52:45 [1080x1503+0+509] mikoto2_04
2021/10/08 09:52:58 [1080x1503+0+509] mikoto2_05
2021/10/08 10:21:40 [1080x1502+0+509] dc_01
2021/10/08 10:21:56 [1080x1502+0+509] dc_02
2021/10/08 10:27:22 [1080x1501+0+509] em_01
2021/10/08 10:27:26 [1080x1501+0+509] em_02
2021/10/08 10:27:30 [1080x1501+0+509] em_03
2021/10/08 10:27:34 [1080x1501+0+509] em_04
2021/10/08 10:29:20 [1080x1509+0+505] em_05
2021/10/08 10:29:24 [1080x1509+0+505] em_06
2021/10/08 10:30:28 [1080x1501+0+509] em_07
2021/10/08 10:31:11 [1080x1512+0+504] em_08
2021/10/08 10:32:03 [1080x1520+0+500] em_09
2021/10/08 10:33:21 [1080x1503+0+509] em_10
2021/10/08 10:35:46 [1080x1501+0+509] em_11
2021/10/08 10:35:52 [1080x1501+0+509] em_12
2021/10/08 10:35:54 [1080x1501+0+509] em_13
2021/10/08 10:35:59 [1080x1501+0+509] em_14
2021/10/08 10:36:04 [1080x1501+0+509] em_15
2021/10/08 10:36:07 [1080x1501+0+509] em_16
2021/10/08 10:37:48 [1080x1490+0+515] em_17
2021/10/08 10:38:31 [1080x1494+0+513] em_18
2021/10/08 10:39:12 [1080x1490+0+515] em_19
2021/10/08 10:39:43 [1080x1490+0+515] em_20
2021/10/08 13:34:41 [1080x1502+0+509] vt_01
2021/10/08 13:34:48 [1080x1502+0+509] vt_02
2021/10/08 13:34:56 [1080x1502+0+509] vt_03
2021/10/08 13:35:02 [1080x1502+0+509] vt_04
2021/10/08 13:35:09 [1080x1502+0+509] vt_05
2021/10/08 14:05:30 [1080x1503+0+509] ct_01
2021/10/08 14:05:36 [1080x1503+0+509] ct_02
2021/10/08 14:05:41 [1080x1503+0+509] ct_03
2021/10/08 14:05:47 [1080x1503+0+509] ct_04
2021/10/08 14:05:53 [1080x1503+0+509] ct_05
2021/10/08 14:05:58 [1080x1503+0+509] ct_06
2021/10/08 14:06:04 [1080x1503+0+509] ct_07
2021/10/08 14:06:11 [1080x1503+0+509] ct_08
2021/10/08 14:06:14 [1080x1503+0+509] ct_09
2021/10/08 14:06:19 [1080x1503+0+509] ct_10
2021/10/08 16:25:13 [1080x1533+0+493] id_kamen_01
2021/10/08 16:25:20 [1080x1533+0+493] id_kamen_02
2021/10/08 16:28:48 [1080x1501+0+509] jkc_01
2021/10/08 16:28:52 [1080x1501+0+509] jkc_02
2021/10/08 16:28:56 [1080x1501+0+509] jkc_03
2021/10/08 16:29:01 [1080x1501+0+509] jkc_04
2021/10/08 16:29:07 [1080x1501+0+509] jkc_05
2021/10/08 18:36:34 [1080x1500+0+510] nyo_10
2021/10/08 18:36:37 [1080x1500+0+510] nyo_11
2021/10/08 18:36:40 [1080x1500+0+510] nyo_12
2021/10/08 18:36:44 [1080x1500+0+510] nyo_13
2021/10/08 18:36:47 [1080x1500+0+510] nyo_14
2021/10/08 18:36:50 [1080x1500+0+510] nyo_15
2021/10/08 18:36:53 [1080x1500+0+510] nyo_16
2021/10/08 18:36:57 [1080x1500+0+510] nyo_17
2021/10/08 18:37:00 [1080x1501+0+509] nyo_01
2021/10/08 18:37:03 [1080x1501+0+509] nyo_03
2021/10/08 18:37:07 [1080x1501+0+509] nyo_04
2021/10/08 18:37:11 [1080x1501+0+509] nyo_05
2021/10/08 18:37:17 [1080x1501+0+509] nyo_08
2021/10/08 18:37:23 [1080x1503+0+509] nyo_02
2021/10/08 18:37:29 [1080x1505+0+507] nyo_07
2021/10/08 18:37:34 [1080x1516+0+502] nyo_09
2021/10/08 18:37:40 [1080x1533+0+493] nyo_06
2021/10/11 10:05:11 [1080x1533+0+494] idl2_01
2021/10/11 10:05:20 [1080x1533+0+494] idl2_02
2021/10/11 10:24:31 [1080x1522+0+499] gokujo2_02
2021/10/11 10:24:36 [1080x1527+0+497] gokujo2_01
2021/10/11 10:26:39 [1080x1501+0+509] manbiki_01
2021/10/11 10:26:47 [1080x1501+0+509] manbiki_02
2021/10/11 10:26:53 [1080x1501+0+509] manbiki_03
2021/10/11 10:29:50 [1080x1501+0+509] isekai_03
2021/10/11 10:29:55 [1080x1501+0+509] isekai_04
2021/10/11 10:29:58 [1080x1501+0+509] isekai_05
2021/10/11 10:30:02 [1080x1539+0+491] isekai_01
2021/10/11 10:30:08 [1080x1539+0+491] isekai_02
2021/10/11 10:33:03 [1080x1501+0+509] mikoto_01
2021/10/11 10:33:11 [1080x1501+0+509] mikoto_02
2021/10/11 10:33:18 [1080x1501+0+509] mikoto_03
2021/10/11 10:33:25 [1080x1501+0+509] mikoto_04
2021/10/11 10:33:37 [1080x1501+0+509] mikoto_05
2021/10/11 10:36:40 [1080x1502+0+509] saya_01
2021/10/11 10:36:43 [1080x1502+0+509] saya_02
2021/10/11 10:36:50 [1080x1502+0+509] saya_03
2021/10/11 10:36:55 [1080x1502+0+509] saya_04
2021/10/11 10:37:01 [1080x1503+0+509] saya_05
2021/10/11 10:37:07 [1080x1503+0+509] saya_06
2021/10/11 13:27:35 [1080x1501+0+509] dennsha_01
2021/10/11 13:27:40 [1080x1501+0+509] dennsha_02
2021/10/11 13:27:43 [1080x1501+0+509] dennsha_03
2021/10/11 13:27:47 [1080x1501+0+509] dennsha_04
2021/10/11 13:27:52 [1080x1501+0+509] dennsha_05
2021/10/11 13:27:58 [1080x1501+0+509] dennsha_06
2021/10/11 13:28:03 [1080x1501+0+509] dennsha_07
2021/10/11 13:28:09 [1080x1501+0+509] dennsha_08
2021/10/11 13:28:13 [1080x1501+0+509] dennsha_09
2021/10/11 13:28:16 [1080x1501+0+509] dennsha_10
2021/10/11 13:28:19 [1080x1501+0+509] dennsha_11
2021/10/11 13:28:24 [1080x1501+0+509] dennsha_12
2021/10/11 13:28:29 [1080x1501+0+509] dennsha_13
2021/10/11 13:28:32 [1080x1501+0+509] dennsha_14
2021/10/11 13:28:36 [1080x1501+0+509] dennsha_15
2021/10/12 19:32:45 [1080x1503+0+509] volley_01
2021/10/12 19:32:50 [1080x1503+0+509] volley_02
2021/10/12 19:32:55 [1080x1503+0+509] volley_03
2021/10/15 15:46:50 [1080x1501+0+509] densha_kyougi_01
2021/10/15 15:46:53 [1080x1501+0+509] densha_kyougi_02
2021/10/15 15:46:56 [1080x1501+0+509] densha_kyougi_03
2021/10/15 15:47:00 [1080x1503+0+509] densha_kyougi_05
2021/10/15 15:47:05 [1080x1503+0+509] densha_kyougi_06
2021/10/15 15:47:08 [1080x1540+0+490] densha_kyougi_04
2021/10/15 16:09:37 [1080x1489+0+516] kaguya_08
2021/10/15 16:09:45 [1080x1501+0+509] kaguya_07
2021/10/15 16:09:52 [1080x1514+0+503] kaguya_01
2021/10/15 16:09:58 [1080x1514+0+503] kaguya_02
2021/10/15 16:10:02 [1080x1514+0+503] kaguya_03
2021/10/15 16:10:07 [1080x1514+0+503] kaguya_04
2021/10/15 16:10:11 [1080x1514+0+503] kaguya_05
2021/10/15 16:10:16 [1080x1514+0+503] kaguya_06
2021/10/15 16:14:18 [1080x1524+0+498] kanofura_05
2021/10/15 16:14:22 [1080x1524+0+498] kanofura_06
2021/10/15 16:14:25 [1080x1525+0+497] kanofura_01
2021/10/15 16:14:30 [1080x1525+0+497] kanofura_02
2021/10/15 16:14:35 [1080x1525+0+497] kanofura_03
2021/10/15 16:14:39 [1080x1525+0+497] kanofura_04
2021/10/19 18:49:01 [1080x1528+0+496] bokutku_01
2021/10/19 18:49:07 [1080x1528+0+496] bokutku_02
2021/10/19 18:49:12 [1080x1528+0+496] bokutku_03
2021/10/19 18:49:16 [1080x1528+0+496] bokutku_04
2021/10/19 18:49:21 [1080x1528+0+496] bokutku_05
2021/10/19 18:49:26 [1080x1528+0+496] bokutku_06
2021/10/19 18:49:31 [1080x1528+0+496] bokutku_07
2021/10/19 18:49:36 [1080x1528+0+496] bokutku_08
2021/10/19 18:49:40 [1080x1528+0+496] bokutku_09
2021/10/19 18:49:44 [1080x1528+0+496] bokutku_10
2021/10/27 15:18:30 [1080x1501+0+509] c_m_01
2021/10/27 15:18:35 [1080x1501+0+509] c_m_03
2021/10/27 15:18:42 [1080x1501+0+509] c_m_04
2021/10/27 15:18:49 [1080x1501+0+509] c_m_05
2021/10/27 15:18:54 [1080x1501+0+509] c_m_06
2021/10/27 15:19:01 [1080x1504+0+508] c_m_02
2021/11/11 13:32:39 [1080x1501+0+509] c_masg_1
2021/11/11 13:32:45 [1080x1501+0+509] c_masg_3
2021/11/11 13:32:55 [1080x1501+0+509] c_masg_4
2021/11/11 13:33:03 [1080x1501+0+509] c_masg_5
2021/11/11 13:33:10 [1080x1501+0+509] c_masg_6
2021/11/11 13:33:19 [1080x1504+0+508] c_masg_2
